01:50:02 **** Build of configuration Debug for project GPIO_Driver ****
make all 
Building file: ../.metadata/.plugins/org.eclipse.cdt.make.core/specs.c
Invoking: AVR Compiler
avr-gcc -Wall -g2 -gstabs -O0 -fpack-struct -fshort-enums -ffunction-sections -fdata-sections -std=gnu99 -funsigned-char -funsigned-bitfields -mmcu=atmega16 -DF_CPU=1000000UL -MMD -MP -MF".metadata/.plugins/org.eclipse.cdt.make.core/specs.d" -MT".metadata/.plugins/org.eclipse.cdt.make.core/specs.o" -c -o ".metadata/.plugins/org.eclipse.cdt.make.core/specs.o" "../.metadata/.plugins/org.eclipse.cdt.make.core/specs.c"
Finished building: ../.metadata/.plugins/org.eclipse.cdt.make.core/specs.c
 
Building file: ../GPIO_Driver.c
Invoking: AVR Compiler
avr-gcc -Wall -g2 -gstabs -O0 -fpack-struct -fshort-enums -ffunction-sections -fdata-sections -std=gnu99 -funsigned-char -funsigned-bitfields -mmcu=atmega16 -DF_CPU=1000000UL -MMD -MP -MF"GPIO_Driver.d" -MT"GPIO_Driver.o" -c -o "GPIO_Driver.o" "../GPIO_Driver.c"
In file included from ../GPIO_Driver.c:10:
c:/winavr-20100110/lib/gcc/../../avr/include/util/delay.h:90:3: warning: #warning "Compiler optimizations disabled; functions from <util/delay.h> won't work as designed"
Finished building: ../GPIO_Driver.c
 
Building file: ../gpio.c
Invoking: AVR Compiler
avr-gcc -Wall -g2 -gstabs -O0 -fpack-struct -fshort-enums -ffunction-sections -fdata-sections -std=gnu99 -funsigned-char -funsigned-bitfields -mmcu=atmega16 -DF_CPU=1000000UL -MMD -MP -MF"gpio.d" -MT"gpio.o" -c -o "gpio.o" "../gpio.c"
Finished building: ../gpio.c
 
Building target: GPIO_Driver.elf
Invoking: AVR C Linker
avr-gcc -Wl,-Map,GPIO_Driver.map -mmcu=atmega16 -o "GPIO_Driver.elf"  ./.metadata/.plugins/org.eclipse.cdt.make.core/specs.o  ./GPIO_Driver.o ./gpio.o   
Finished building target: GPIO_Driver.elf
 
Invoking: AVR Create Extended Listing
avr-objdump -h -S GPIO_Driver.elf  >"GPIO_Driver.lss"
Finished building: GPIO_Driver.lss
 
Invoking: Print Size
avr-size --format=avr --mcu=atmega16 GPIO_Driver.elf
AVR Memory Usage
----------------
Device: atmega16

Program:    5694 bytes (34.8% Full)
(.text + .data + .bootloader)

Data:          8 bytes (0.8% Full)
(.data + .bss + .noinit)


Finished building: sizedummy
 
01:50:54 **** Incremental Build of configuration Debug for project GPIO_Driver ****
make all 
Building file: ../GPIO_Driver.c
Invoking: AVR Compiler
avr-gcc -Wall -g2 -gstabs -O0 -fpack-struct -fshort-enums -ffunction-sections -fdata-sections -std=gnu99 -funsigned-char -funsigned-bitfields -mmcu=atmega16 -DF_CPU=1000000UL -MMD -MP -MF"GPIO_Driver.d" -MT"GPIO_Driver.o" -c -o "GPIO_Driver.o" "../GPIO_Driver.c"
In file included from ../GPIO_Driver.c:10:
c:/winavr-20100110/lib/gcc/../../avr/include/util/delay.h:90:3: warning: #warning "Compiler optimizations disabled; functions from <util/delay.h> won't work as designed"
Finished building: ../GPIO_Driver.c
 
Building target: GPIO_Driver.elf
Invoking: AVR C Linker
avr-gcc -Wl,-Map,GPIO_Driver.map -mmcu=atmega16 -o "GPIO_Driver.elf"  ./.metadata/.plugins/org.eclipse.cdt.make.core/specs.o  ./GPIO_Driver.o ./gpio.o   
Finished building target: GPIO_Driver.elf
 
Invoking: AVR Create Extended Listing
avr-objdump -h -S GPIO_Driver.elf  >"GPIO_Driver.lss"
Finished building: GPIO_Driver.lss
 
Invoking: Print Size
avr-size --format=avr --mcu=atmega16 GPIO_Driver.elf
AVR Memory Usage
----------------
Device: atmega16

Program:    5694 bytes (34.8% Full)
(.text + .data + .bootloader)

Data:          8 bytes (0.8% Full)
(.data + .bss + .noinit)


Finished building: sizedummy
 
